{
  "0 debug pnpm:scope": {
    "selected": 1,
    "workspacePrefix": "/home/velocity/Projects/solaris"
  },
  "1 error pnpm": {
    "shortMessage": "Command failed with exit code 1: /home/velocity/.local/share/pnpm/pnpm add --global --global-dir=/tmp/dlx-36878 --dir=/tmp/dlx-36878 --config.global-bin-dir=/tmp/dlx-36878/bin",
    "command": "/home/velocity/.local/share/pnpm/pnpm add --global --global-dir=/tmp/dlx-36878 --dir=/tmp/dlx-36878 --config.global-bin-dir=/tmp/dlx-36878/bin",
    "escapedCommand": "\"/home/velocity/.local/share/pnpm/pnpm\" add --global \"--global-dir=/tmp/dlx-36878\" \"--dir=/tmp/dlx-36878\" \"--config.global-bin-dir=/tmp/dlx-36878/bin\"",
    "exitCode": 1,
    "failed": true,
    "timedOut": false,
    "isCanceled": false,
    "killed": false,
    "err": {
      "name": "pnpm",
      "message": "Command failed with exit code 1: /home/velocity/.local/share/pnpm/pnpm add --global --global-dir=/tmp/dlx-36878 --dir=/tmp/dlx-36878 --config.global-bin-dir=/tmp/dlx-36878/bin",
      "stack": "pnpm: Command failed with exit code 1: /home/velocity/.local/share/pnpm/pnpm add --global --global-dir=/tmp/dlx-36878 --dir=/tmp/dlx-36878 --config.global-bin-dir=/tmp/dlx-36878/bin\n    at makeError (/home/velocity/.local/share/pnpm/global-packages/5/node_modules/.pnpm/pnpm@7.0.0/node_modules/pnpm/dist/pnpx.cjs:36810:17)\n    at handlePromise (/home/velocity/.local/share/pnpm/global-packages/5/node_modules/.pnpm/pnpm@7.0.0/node_modules/pnpm/dist/pnpx.cjs:37381:33)\n    at processTicksAndRejections (node:internal/process/task_queues:96:5)\n    at async Object.handler [as dlx] (/home/velocity/.local/share/pnpm/global-packages/5/node_modules/.pnpm/pnpm@7.0.0/node_modules/pnpm/dist/pnpx.cjs:169994:7)\n    at async /home/velocity/.local/share/pnpm/global-packages/5/node_modules/.pnpm/pnpm@7.0.0/node_modules/pnpm/dist/pnpx.cjs:175391:21\n    at async run (/home/velocity/.local/share/pnpm/global-packages/5/node_modules/.pnpm/pnpm@7.0.0/node_modules/pnpm/dist/pnpx.cjs:175365:34)\n    at async /home/velocity/.local/share/pnpm/global-packages/5/node_modules/.pnpm/pnpm@7.0.0/node_modules/pnpm/dist/pnpx.cjs:175437:5"
    }
  }
}